<component name="libraryTable">
  <library name="junit-jupiter-engine-5.8">
    <CLASSES>
      <root url="file://$USER_HOME$/junit-jupiter-engine-5.8.2" />
    </CLASSES>
    <JAVADOC />
    <SOURCES />
  </library>
</component>